<?xml version="1.0" encoding="UTF-8"?>
<testsuite name="com.zrip.google_map_service.GoogleMapServiceApplicationTests" tests="1" skipped="0" failures="0" errors="0" timestamp="2024-07-27T18:15:06" hostname="Mohds-MacBook-Air-2.local" time="0.387">
  <properties/>
  <testcase name="contextLoads()" classname="com.zrip.google_map_service.GoogleMapServiceApplicationTests" time="0.387"/>
  <system-out><![CDATA[23:45:06.208 [Test worker] INFO org.springframework.test.context.support.AnnotationConfigContextLoaderUtils -- Could not detect default configuration classes for test class [com.zrip.google_map_service.GoogleMapServiceApplicationTests]: GoogleMapServiceApplicationTests does not declare any static, non-private, non-final, nested classes annotated with @Configuration.
23:45:06.243 [Test worker] INFO org.springframework.boot.test.context.SpringBootTestContextBootstrapper -- Found @SpringBootConfiguration com.zrip.google_map_service.GoogleMapServiceApplication for test class com.zrip.google_map_service.GoogleMapServiceApplicationTests

  .   ____          _            __ _ _
 /\\ / ___'_ __ _ _(_)_ __  __ _ \ \ \ \
( ( )\___ | '_ | '_| | '_ \/ _` | \ \ \ \
 \\/  ___)| |_)| | | | | || (_| |  ) ) ) )
  '  |____| .__|_| |_|_| |_\__, | / / / /
 =========|_|==============|___/=/_/_/_/

 :: Spring Boot ::                (v3.3.2)

2024-07-27T23:45:06.389+05:30  INFO 3383 --- [google-map-service] [    Test worker] c.z.g.GoogleMapServiceApplicationTests   : Starting GoogleMapServiceApplicationTests using Java 21.0.2 with PID 3383 (started by mohdfaizan in /Users/mohdfaizan/Zrip/Google-Map-Service)
2024-07-27T23:45:06.390+05:30  INFO 3383 --- [google-map-service] [    Test worker] c.z.g.GoogleMapServiceApplicationTests   : No active profile set, falling back to 1 default profile: "default"
2024-07-27T23:45:06.870+05:30  INFO 3383 --- [google-map-service] [    Test worker] c.z.g.GoogleMapServiceApplicationTests   : Started GoogleMapServiceApplicationTests in 0.576 seconds (process running for 1.012)
]]></system-out>
  <system-err><![CDATA[WARNING: A Java agent has been loaded dynamically (/Users/mohdfaizan/.gradle/caches/modules-2/files-2.1/net.bytebuddy/byte-buddy-agent/1.14.18/417558ea01fe9f0e8a94af28b9469d281c4e3984/byte-buddy-agent-1.14.18.jar)
WARNING: If a serviceability tool is in use, please run with -XX:+EnableDynamicAgentLoading to hide this warning
WARNING: If a serviceability tool is not in use, please run with -Djdk.instrument.traceUsage for more information
WARNING: Dynamic loading of agents will be disallowed by default in a future release
]]></system-err>
</testsuite>
